d:\lsa\qvs_프로젝트\qvs - 복사본\t360vidstitch\x64\release\t360vidstitch.pch
d:\lsa\qvs_프로젝트\qvs - 복사본\t360vidstitch\x64\release\vc120.pdb
d:\lsa\qvs_프로젝트\qvs - 복사본\t360vidstitch\x64\release\stdafx.obj
d:\lsa\qvs_프로젝트\qvs - 복사본\t360vidstitch\x64\release\editinputdlg.obj
d:\lsa\qvs_프로젝트\qvs - 복사본\t360vidstitch\x64\release\editcameraparamdlg.obj
d:\lsa\qvs_프로젝트\qvs - 복사본\t360vidstitch\x64\release\custcurvectrl.obj
d:\lsa\qvs_프로젝트\qvs - 복사본\t360vidstitch\x64\release\curvepanedlg.obj
d:\lsa\qvs_프로젝트\qvs - 복사본\t360vidstitch\x64\release\confoutputschildtwo.obj
d:\lsa\qvs_프로젝트\qvs - 복사본\t360vidstitch\x64\release\confoutputschildthree.obj
d:\lsa\qvs_프로젝트\qvs - 복사본\t360vidstitch\x64\release\confoutputschildone.obj
d:\lsa\qvs_프로젝트\qvs - 복사본\t360vidstitch\x64\release\configuview.obj
d:\lsa\qvs_프로젝트\qvs - 복사본\t360vidstitch\x64\release\configuchildview3.obj
d:\lsa\qvs_프로젝트\qvs - 복사본\t360vidstitch\x64\release\configuchildview2.obj
d:\lsa\qvs_프로젝트\qvs - 복사본\t360vidstitch\x64\release\configuchildview1.obj
d:\lsa\qvs_프로젝트\qvs - 복사본\t360vidstitch\x64\release\confcalibrationchildtwo.obj
d:\lsa\qvs_프로젝트\qvs - 복사본\t360vidstitch\x64\release\confcalibrationchildthree.obj
d:\lsa\qvs_프로젝트\qvs - 복사본\t360vidstitch\x64\release\confcalibrationchildone.obj
d:\lsa\qvs_프로젝트\qvs - 복사본\t360vidstitch\x64\release\colorsettingdlg.obj
d:\lsa\qvs_프로젝트\qvs - 복사본\t360vidstitch\x64\release\bottomsourcechilddlg.obj
d:\lsa\qvs_프로젝트\qvs - 복사본\t360vidstitch\x64\release\bottompanochilddlg.obj
d:\lsa\qvs_프로젝트\qvs - 복사본\t360vidstitch\x64\release\bottommanualchilddlg.obj
d:\lsa\qvs_프로젝트\qvs - 복사본\t360vidstitch\x64\release\addoverlaypreviewdlg.obj
d:\lsa\qvs_프로젝트\qvs - 복사본\t360vidstitch\x64\release\addoverlay.obj
d:\lsa\qvs_프로젝트\qvs - 복사본\t360vidstitch\x64\release\rightpanorachilddlg.obj
d:\lsa\qvs_프로젝트\qvs - 복사본\t360vidstitch\x64\release\rightoverlaychilddlg.obj
d:\lsa\qvs_프로젝트\qvs - 복사본\t360vidstitch\x64\release\rightmanualcalibchilddlg.obj
d:\lsa\qvs_프로젝트\qvs - 복사본\t360vidstitch\x64\release\rightinteracchilddlg.obj
d:\lsa\qvs_프로젝트\qvs - 복사본\t360vidstitch\x64\release\rightcalibchilddlg.obj
d:\lsa\qvs_프로젝트\qvs - 복사본\t360vidstitch\x64\release\rightadvanceupdatechilddlg.obj
d:\lsa\qvs_프로젝트\qvs - 복사본\t360vidstitch\x64\release\rightadvancemanualchilddlg.obj
d:\lsa\qvs_프로젝트\qvs - 복사본\t360vidstitch\x64\release\rightadvancechilddlg.obj
d:\lsa\qvs_프로젝트\qvs - 복사본\t360vidstitch\x64\release\rightadvancealignchilddlg.obj
d:\lsa\qvs_프로젝트\qvs - 복사본\t360vidstitch\x64\release\projallconfig.obj
d:\lsa\qvs_프로젝트\qvs - 복사본\t360vidstitch\x64\release\picturectrl.obj
d:\lsa\qvs_프로젝트\qvs - 복사본\t360vidstitch\x64\release\panopreviewdlg.obj
d:\lsa\qvs_프로젝트\qvs - 복사본\t360vidstitch\x64\release\panerightdlg.obj
d:\lsa\qvs_프로젝트\qvs - 복사본\t360vidstitch\x64\release\paneleftdlg.obj
d:\lsa\qvs_프로젝트\qvs - 복사본\t360vidstitch\x64\release\panebottomdlg.obj
d:\lsa\qvs_프로젝트\qvs - 복사본\t360vidstitch\x64\release\newloadview.obj
d:\lsa\qvs_프로젝트\qvs - 복사본\t360vidstitch\x64\release\newconfigdlg.obj
d:\lsa\qvs_프로젝트\qvs - 복사본\t360vidstitch\x64\release\leftchilddlg.obj
d:\lsa\qvs_프로젝트\qvs - 복사본\t360vidstitch\x64\release\label.obj
d:\lsa\qvs_프로젝트\qvs - 복사본\t360vidstitch\x64\release\formview1.obj
d:\lsa\qvs_프로젝트\qvs - 복사본\t360vidstitch\x64\release\virecentfilelist.obj
d:\lsa\qvs_프로젝트\qvs - 복사본\t360vidstitch\x64\release\transparentdlgtype.obj
d:\lsa\qvs_프로젝트\qvs - 복사본\t360vidstitch\x64\release\taskpaneldlg.obj
d:\lsa\qvs_프로젝트\qvs - 복사본\t360vidstitch\x64\release\t360vidstitchdlg.obj
d:\lsa\qvs_프로젝트\qvs - 복사본\t360vidstitch\x64\release\t360vidstitch.obj
d:\lsa\qvs_프로젝트\qvs - 복사본\t360vidstitch\x64\release\utility.obj
d:\lsa\qvs_프로젝트\qvs - 복사본\t360vidstitch\x64\release\imgdialogbase.obj
d:\lsa\qvs_프로젝트\qvs - 복사본\t360vidstitch\x64\release\gdipbuttonext.obj
d:\lsa\qvs_프로젝트\qvs - 복사본\t360vidstitch\x64\release\gdipbutton.obj
d:\lsa\qvs_프로젝트\qvs - 복사본\t360vidstitch\x64\release\folderdlg.obj
d:\lsa\qvs_프로젝트\qvs - 복사본\t360vidstitch\x64\release\sourceeditrect.obj
d:\lsa\qvs_프로젝트\qvs - 복사본\t360vidstitch\x64\release\screenmanager.obj
d:\lsa\qvs_프로젝트\qvs - 복사본\t360vidstitch\x64\release\rightsourcechilddlg.obj
d:\lsa\qvs_프로젝트\qvs - 복사본\t360vidstitch\x64\release\centerview.obj
d:\lsa\qvs_프로젝트\qvs - 복사본\x64\release\t360vidstitch.exe
d:\lsa\qvs_프로젝트\qvs - 복사본\t360vidstitch\x64\release\t360vidstitch.res
d:\lsa\qvs_프로젝트\qvs - 복사본\x64\release\t360vidstitch.lib
d:\lsa\qvs_프로젝트\qvs - 복사본\x64\release\t360vidstitch.exp
d:\lsa\qvs_프로젝트\qvs - 복사본\t360vidstitch\x64\release\t360vidstitch.tlog\cl.command.1.tlog
d:\lsa\qvs_프로젝트\qvs - 복사본\t360vidstitch\x64\release\t360vidstitch.tlog\cl.read.1.tlog
d:\lsa\qvs_프로젝트\qvs - 복사본\t360vidstitch\x64\release\t360vidstitch.tlog\cl.write.1.tlog
d:\lsa\qvs_프로젝트\qvs - 복사본\t360vidstitch\x64\release\t360vidstitch.tlog\link.command.1.tlog
d:\lsa\qvs_프로젝트\qvs - 복사본\t360vidstitch\x64\release\t360vidstitch.tlog\link.read.1.tlog
d:\lsa\qvs_프로젝트\qvs - 복사본\t360vidstitch\x64\release\t360vidstitch.tlog\link.write.1.tlog
d:\lsa\qvs_프로젝트\qvs - 복사본\t360vidstitch\x64\release\t360vidstitch.tlog\rc.command.1.tlog
d:\lsa\qvs_프로젝트\qvs - 복사본\t360vidstitch\x64\release\t360vidstitch.tlog\rc.read.1.tlog
d:\lsa\qvs_프로젝트\qvs - 복사본\t360vidstitch\x64\release\t360vidstitch.tlog\rc.write.1.tlog
d:\lsa\qvs_프로젝트\qvs - 복사본\t360vidstitch\x64\release\t360vidstitch.tlog\t360vidstitch.write.1u.tlog
