d:\venta\trunk\x64\release\vrue360.bsc
d:\venta\trunk\t360vidstitch\x64\release\vrue360.pch
d:\venta\trunk\t360vidstitch\x64\release\vc120.pdb
d:\venta\trunk\t360vidstitch\x64\release\stdafx.sbr
d:\venta\trunk\t360vidstitch\x64\release\stdafx.obj
d:\venta\trunk\t360vidstitch\x64\release\bottommanualchilddlg.sbr
d:\venta\trunk\t360vidstitch\x64\release\bottompanochilddlg.sbr
d:\venta\trunk\t360vidstitch\x64\release\bottomsourcechilddlg.sbr
d:\venta\trunk\t360vidstitch\x64\release\colorsettingdlg.sbr
d:\venta\trunk\t360vidstitch\x64\release\confcalibrationchildone.sbr
d:\venta\trunk\t360vidstitch\x64\release\confcalibrationchildthree.sbr
d:\venta\trunk\t360vidstitch\x64\release\confcalibrationchildtwo.sbr
d:\venta\trunk\t360vidstitch\x64\release\configuchildview1.sbr
d:\venta\trunk\t360vidstitch\x64\release\configuchildview2.sbr
d:\venta\trunk\t360vidstitch\x64\release\configuchildview3.sbr
d:\venta\trunk\t360vidstitch\x64\release\configuview.sbr
d:\venta\trunk\t360vidstitch\x64\release\confoutputschildfour.sbr
d:\venta\trunk\t360vidstitch\x64\release\confoutputschildone.sbr
d:\venta\trunk\t360vidstitch\x64\release\confoutputschildthree.sbr
d:\venta\trunk\t360vidstitch\x64\release\confoutputschildtwo.sbr
d:\venta\trunk\t360vidstitch\x64\release\confpanoramachildone.sbr
d:\venta\trunk\t360vidstitch\x64\release\confpanoramachildtwo.sbr
d:\venta\trunk\t360vidstitch\x64\release\curvepanedlg.sbr
d:\venta\trunk\t360vidstitch\x64\release\custcurvectrl.sbr
d:\venta\trunk\t360vidstitch\x64\release\editcameraparamdlg.sbr
d:\venta\trunk\t360vidstitch\x64\release\editcameraparamdlg.obj
d:\venta\trunk\t360vidstitch\x64\release\custcurvectrl.obj
d:\venta\trunk\t360vidstitch\x64\release\curvepanedlg.obj
d:\venta\trunk\t360vidstitch\x64\release\confpanoramachildtwo.obj
d:\venta\trunk\t360vidstitch\x64\release\confpanoramachildone.obj
d:\venta\trunk\t360vidstitch\x64\release\confoutputschildtwo.obj
d:\venta\trunk\t360vidstitch\x64\release\confoutputschildthree.obj
d:\venta\trunk\t360vidstitch\x64\release\confoutputschildone.obj
d:\venta\trunk\t360vidstitch\x64\release\confoutputschildfour.obj
d:\venta\trunk\t360vidstitch\x64\release\configuview.obj
d:\venta\trunk\t360vidstitch\x64\release\configuchildview3.obj
d:\venta\trunk\t360vidstitch\x64\release\configuchildview2.obj
d:\venta\trunk\t360vidstitch\x64\release\configuchildview1.obj
d:\venta\trunk\t360vidstitch\x64\release\confcalibrationchildtwo.obj
d:\venta\trunk\t360vidstitch\x64\release\confcalibrationchildthree.obj
d:\venta\trunk\t360vidstitch\x64\release\confcalibrationchildone.obj
d:\venta\trunk\t360vidstitch\x64\release\colorsettingdlg.obj
d:\venta\trunk\t360vidstitch\x64\release\bottomsourcechilddlg.obj
d:\venta\trunk\t360vidstitch\x64\release\bottompanochilddlg.obj
d:\venta\trunk\t360vidstitch\x64\release\bottommanualchilddlg.obj
d:\venta\trunk\t360vidstitch\x64\release\editinputdlg.sbr
d:\venta\trunk\t360vidstitch\x64\release\editinputstereodlg.sbr
d:\venta\trunk\t360vidstitch\x64\release\formview1.sbr
d:\venta\trunk\t360vidstitch\x64\release\label.sbr
d:\venta\trunk\t360vidstitch\x64\release\leftchilddlg.sbr
d:\venta\trunk\t360vidstitch\x64\release\logviewer.sbr
d:\venta\trunk\t360vidstitch\x64\release\manualrotatedlg.sbr
d:\venta\trunk\t360vidstitch\x64\release\newconfigdlg.sbr
d:\venta\trunk\t360vidstitch\x64\release\newloadconfigchild.sbr
d:\venta\trunk\t360vidstitch\x64\release\newloadconfigchild_0.sbr
d:\venta\trunk\t360vidstitch\x64\release\newloadconfigchild_1.sbr
d:\venta\trunk\t360vidstitch\x64\release\newloadconfigchild_2.sbr
d:\venta\trunk\t360vidstitch\x64\release\newloadconfigchild_3.sbr
d:\venta\trunk\t360vidstitch\x64\release\newloadconfigchild_4.sbr
d:\venta\trunk\t360vidstitch\x64\release\newloadconfigchild_5.sbr
d:\venta\trunk\t360vidstitch\x64\release\newloadconfigchild_6.sbr
d:\venta\trunk\t360vidstitch\x64\release\newloadconfigchild_7.sbr
d:\venta\trunk\t360vidstitch\x64\release\newloadview.sbr
d:\venta\trunk\t360vidstitch\x64\release\overlayeditpositiondlg.sbr
d:\venta\trunk\t360vidstitch\x64\release\panebottomdlg.sbr
d:\venta\trunk\t360vidstitch\x64\release\panebottomdlg.obj
d:\venta\trunk\t360vidstitch\x64\release\overlayeditpositiondlg.obj
d:\venta\trunk\t360vidstitch\x64\release\newloadview.obj
d:\venta\trunk\t360vidstitch\x64\release\newloadconfigchild_7.obj
d:\venta\trunk\t360vidstitch\x64\release\newloadconfigchild_6.obj
d:\venta\trunk\t360vidstitch\x64\release\newloadconfigchild_5.obj
d:\venta\trunk\t360vidstitch\x64\release\newloadconfigchild_4.obj
d:\venta\trunk\t360vidstitch\x64\release\newloadconfigchild_3.obj
d:\venta\trunk\t360vidstitch\x64\release\newloadconfigchild_2.obj
d:\venta\trunk\t360vidstitch\x64\release\newloadconfigchild_1.obj
d:\venta\trunk\t360vidstitch\x64\release\newloadconfigchild_0.obj
d:\venta\trunk\t360vidstitch\x64\release\newloadconfigchild.obj
d:\venta\trunk\t360vidstitch\x64\release\newconfigdlg.obj
d:\venta\trunk\t360vidstitch\x64\release\manualrotatedlg.obj
d:\venta\trunk\t360vidstitch\x64\release\logviewer.obj
d:\venta\trunk\t360vidstitch\x64\release\leftchilddlg.obj
d:\venta\trunk\t360vidstitch\x64\release\label.obj
d:\venta\trunk\t360vidstitch\x64\release\formview1.obj
d:\venta\trunk\t360vidstitch\x64\release\editinputstereodlg.obj
d:\venta\trunk\t360vidstitch\x64\release\editinputdlg.obj
d:\venta\trunk\t360vidstitch\x64\release\paneleftdlg.sbr
d:\venta\trunk\t360vidstitch\x64\release\panerightdlg.sbr
d:\venta\trunk\t360vidstitch\x64\release\panopreviewdlg.sbr
d:\venta\trunk\t360vidstitch\x64\release\picturectrl.sbr
d:\venta\trunk\t360vidstitch\x64\release\projallconfig.sbr
d:\venta\trunk\t360vidstitch\x64\release\rightadvancealignchilddlg.sbr
d:\venta\trunk\t360vidstitch\x64\release\rightadvancechilddlg.sbr
d:\venta\trunk\t360vidstitch\x64\release\rightadvancemanualchilddlg.sbr
d:\venta\trunk\t360vidstitch\x64\release\rightadvanceupdatechilddlg.sbr
d:\venta\trunk\t360vidstitch\x64\release\rightcalibchilddlg.sbr
d:\venta\trunk\t360vidstitch\x64\release\rightinteracchilddlg.sbr
d:\venta\trunk\t360vidstitch\x64\release\rightmanualcalibchilddlg.sbr
d:\venta\trunk\t360vidstitch\x64\release\rightoverlaychilddlg.sbr
d:\venta\trunk\t360vidstitch\x64\release\rightoverlaylistchilddlg.sbr
d:\venta\trunk\t360vidstitch\x64\release\rightpanorachilddlg.sbr
d:\venta\trunk\t360vidstitch\x64\release\rightsourcechilddlg.sbr
d:\venta\trunk\t360vidstitch\x64\release\screenmanager.sbr
d:\venta\trunk\t360vidstitch\x64\release\sourceeditrect.sbr
d:\venta\trunk\t360vidstitch\x64\release\folderdlg.sbr
d:\venta\trunk\t360vidstitch\x64\release\gdipbutton.sbr
d:\venta\trunk\t360vidstitch\x64\release\gdipbutton.obj
d:\venta\trunk\t360vidstitch\x64\release\folderdlg.obj
d:\venta\trunk\t360vidstitch\x64\release\sourceeditrect.obj
d:\venta\trunk\t360vidstitch\x64\release\screenmanager.obj
d:\venta\trunk\t360vidstitch\x64\release\rightsourcechilddlg.obj
d:\venta\trunk\t360vidstitch\x64\release\rightpanorachilddlg.obj
d:\venta\trunk\t360vidstitch\x64\release\rightoverlaylistchilddlg.obj
d:\venta\trunk\t360vidstitch\x64\release\rightoverlaychilddlg.obj
d:\venta\trunk\t360vidstitch\x64\release\rightmanualcalibchilddlg.obj
d:\venta\trunk\t360vidstitch\x64\release\rightinteracchilddlg.obj
d:\venta\trunk\t360vidstitch\x64\release\rightcalibchilddlg.obj
d:\venta\trunk\t360vidstitch\x64\release\rightadvanceupdatechilddlg.obj
d:\venta\trunk\t360vidstitch\x64\release\rightadvancemanualchilddlg.obj
d:\venta\trunk\t360vidstitch\x64\release\rightadvancechilddlg.obj
d:\venta\trunk\t360vidstitch\x64\release\rightadvancealignchilddlg.obj
d:\venta\trunk\t360vidstitch\x64\release\projallconfig.obj
d:\venta\trunk\t360vidstitch\x64\release\picturectrl.obj
d:\venta\trunk\t360vidstitch\x64\release\panopreviewdlg.obj
d:\venta\trunk\t360vidstitch\x64\release\panerightdlg.obj
d:\venta\trunk\t360vidstitch\x64\release\paneleftdlg.obj
d:\venta\trunk\t360vidstitch\x64\release\gdipbuttonext.sbr
d:\venta\trunk\t360vidstitch\x64\release\imgdialogbase.sbr
d:\venta\trunk\t360vidstitch\x64\release\utility.sbr
d:\venta\trunk\t360vidstitch\x64\release\t360vidstitch.sbr
d:\venta\trunk\t360vidstitch\x64\release\t360vidstitchdlg.sbr
d:\venta\trunk\t360vidstitch\x64\release\taskpaneldlg.sbr
d:\venta\trunk\t360vidstitch\x64\release\transparentdlgtype.sbr
d:\venta\trunk\t360vidstitch\x64\release\virecentfilelist.sbr
d:\venta\trunk\t360vidstitch\x64\release\virecentfilelist.obj
d:\venta\trunk\t360vidstitch\x64\release\transparentdlgtype.obj
d:\venta\trunk\t360vidstitch\x64\release\taskpaneldlg.obj
d:\venta\trunk\t360vidstitch\x64\release\t360vidstitchdlg.obj
d:\venta\trunk\t360vidstitch\x64\release\t360vidstitch.obj
d:\venta\trunk\t360vidstitch\x64\release\utility.obj
d:\venta\trunk\t360vidstitch\x64\release\imgdialogbase.obj
d:\venta\trunk\t360vidstitch\x64\release\gdipbuttonext.obj
d:\venta\trunk\t360vidstitch\x64\release\centerview.sbr
d:\venta\trunk\t360vidstitch\x64\release\centerview.obj
d:\venta\trunk\x64\release\vrue360.exe
d:\venta\trunk\t360vidstitch\x64\release\t360vidstitch.res
d:\venta\trunk\x64\release\vrue360.lib
d:\venta\trunk\x64\release\vrue360.exp
d:\venta\trunk\t360vidstitch\x64\release\t360vidstitch.tlog\bscmake.command.1.tlog
d:\venta\trunk\t360vidstitch\x64\release\t360vidstitch.tlog\bscmake.read.1.tlog
d:\venta\trunk\t360vidstitch\x64\release\t360vidstitch.tlog\bscmake.write.1.tlog
d:\venta\trunk\t360vidstitch\x64\release\t360vidstitch.tlog\cl.command.1.tlog
d:\venta\trunk\t360vidstitch\x64\release\t360vidstitch.tlog\cl.read.1.tlog
d:\venta\trunk\t360vidstitch\x64\release\t360vidstitch.tlog\cl.write.1.tlog
d:\venta\trunk\t360vidstitch\x64\release\t360vidstitch.tlog\link.command.1.tlog
d:\venta\trunk\t360vidstitch\x64\release\t360vidstitch.tlog\link.read.1.tlog
d:\venta\trunk\t360vidstitch\x64\release\t360vidstitch.tlog\link.write.1.tlog
d:\venta\trunk\t360vidstitch\x64\release\t360vidstitch.tlog\rc.command.1.tlog
d:\venta\trunk\t360vidstitch\x64\release\t360vidstitch.tlog\rc.read.1.tlog
d:\venta\trunk\t360vidstitch\x64\release\t360vidstitch.tlog\rc.write.1.tlog
d:\venta\trunk\t360vidstitch\x64\release\t360vidstitch.tlog\t360vidstitch.write.1u.tlog
