e:\video360_trunk3\t360vidstitch\x64\debug\t360vidstitch.pch
e:\video360_trunk3\t360vidstitch\x64\debug\vc120.pdb
e:\video360_trunk3\t360vidstitch\x64\debug\vc120.idb
e:\video360_trunk3\t360vidstitch\x64\debug\stdafx.obj
e:\video360_trunk3\t360vidstitch\x64\debug\paneleftdlg.obj
e:\video360_trunk3\t360vidstitch\x64\debug\panerightdlg.obj
e:\video360_trunk3\t360vidstitch\x64\debug\panopreviewdlg.obj
e:\video360_trunk3\t360vidstitch\x64\debug\picturectrl.obj
e:\video360_trunk3\t360vidstitch\x64\debug\projallconfig.obj
e:\video360_trunk3\t360vidstitch\x64\debug\rightcalibchilddlg.obj
e:\video360_trunk3\t360vidstitch\x64\debug\rightpanorachilddlg.obj
e:\video360_trunk3\t360vidstitch\x64\debug\rightsourcechilddlg.obj
e:\video360_trunk3\t360vidstitch\x64\debug\screenmanager.obj
e:\video360_trunk3\t360vidstitch\x64\debug\sourceeditrect.obj
e:\video360_trunk3\t360vidstitch\x64\debug\folderdlg.obj
e:\video360_trunk3\t360vidstitch\x64\debug\gdipbutton.obj
e:\video360_trunk3\t360vidstitch\x64\debug\gdipbuttonext.obj
e:\video360_trunk3\t360vidstitch\x64\debug\imgdialogbase.obj
e:\video360_trunk3\t360vidstitch\x64\debug\utility.obj
e:\video360_trunk3\t360vidstitch\x64\debug\t360vidstitch.obj
e:\video360_trunk3\t360vidstitch\x64\debug\t360vidstitchdlg.obj
e:\video360_trunk3\t360vidstitch\x64\debug\taskpaneldlg.obj
e:\video360_trunk3\t360vidstitch\x64\debug\transparentdlgtype.obj
e:\video360_trunk3\t360vidstitch\x64\debug\virecentfilelist.obj
e:\video360_trunk3\t360vidstitch\x64\debug\colorsettingdlg.obj
e:\video360_trunk3\t360vidstitch\x64\debug\confcalibrationchildone.obj
e:\video360_trunk3\t360vidstitch\x64\debug\confcalibrationchildthree.obj
e:\video360_trunk3\t360vidstitch\x64\debug\confcalibrationchildtwo.obj
e:\video360_trunk3\t360vidstitch\x64\debug\configuchildview1.obj
e:\video360_trunk3\t360vidstitch\x64\debug\configuchildview2.obj
e:\video360_trunk3\t360vidstitch\x64\debug\configuchildview3.obj
e:\video360_trunk3\t360vidstitch\x64\debug\configuview.obj
e:\video360_trunk3\t360vidstitch\x64\debug\confoutputschildone.obj
e:\video360_trunk3\t360vidstitch\x64\debug\confoutputschildthree.obj
e:\video360_trunk3\t360vidstitch\x64\debug\confoutputschildtwo.obj
e:\video360_trunk3\t360vidstitch\x64\debug\curvepanedlg.obj
e:\video360_trunk3\t360vidstitch\x64\debug\custcurvectrl.obj
e:\video360_trunk3\t360vidstitch\x64\debug\editinputdlg.obj
e:\video360_trunk3\t360vidstitch\x64\debug\formview1.obj
e:\video360_trunk3\t360vidstitch\x64\debug\label.obj
e:\video360_trunk3\t360vidstitch\x64\debug\leftchilddlg.obj
e:\video360_trunk3\t360vidstitch\x64\debug\newconfigdlg.obj
e:\video360_trunk3\t360vidstitch\x64\debug\newloadview.obj
e:\video360_trunk3\t360vidstitch\x64\debug\panebottomdlg.obj
e:\video360_trunk3\t360vidstitch\x64\debug\bottompanochilddlg.obj
e:\video360_trunk3\t360vidstitch\x64\debug\bottomsourcechilddlg.obj
e:\video360_trunk3\t360vidstitch\x64\debug\centerview.obj
e:\video360_trunk3\x64\debug\t360vidstitch.ilk
e:\video360_trunk3\x64\debug\t360vidstitch.exe
c:\windows\pcdrm\dump\20170405_nsccor03.log
c:\windows\pcdrm\dump\20170405_nfd01.log
c:\windows\pcdrm\dump\20170405_nsccor01.log
e:\video360_trunk3\x64\debug\t360vidstitch.pdb
e:\video360_trunk3\t360vidstitch\x64\debug\t360vidstitch.res
e:\video360_trunk3\x64\debug\t360vidstitch.lib
e:\video360_trunk3\x64\debug\t360vidstitch.exp
e:\video360_trunk3\t360vidstitch\x64\debug\t360vidstitch.tlog\cl.command.1.tlog
e:\video360_trunk3\t360vidstitch\x64\debug\t360vidstitch.tlog\cl.read.1.tlog
e:\video360_trunk3\t360vidstitch\x64\debug\t360vidstitch.tlog\cl.write.1.tlog
e:\video360_trunk3\t360vidstitch\x64\debug\t360vidstitch.tlog\link.command.1.tlog
e:\video360_trunk3\t360vidstitch\x64\debug\t360vidstitch.tlog\link.read.1.tlog
e:\video360_trunk3\t360vidstitch\x64\debug\t360vidstitch.tlog\link.write.1.tlog
e:\video360_trunk3\t360vidstitch\x64\debug\t360vidstitch.tlog\rc.command.1.tlog
e:\video360_trunk3\t360vidstitch\x64\debug\t360vidstitch.tlog\rc.read.1.tlog
e:\video360_trunk3\t360vidstitch\x64\debug\t360vidstitch.tlog\rc.write.1.tlog
e:\video360_trunk3\t360vidstitch\x64\debug\t360vidstitch.tlog\t360vidstitch.write.1u.tlog
