d:\venta\trunk\q360core\x64\release\vc120.pdb
d:\venta\trunk\q360core\x64\release\xiaudiocapture.obj
d:\venta\trunk\q360core\x64\release\videocapture.obj
d:\venta\trunk\q360core\x64\release\platform.obj
d:\venta\trunk\q360core\x64\release\mwvideocapture.obj
d:\venta\trunk\q360core\x64\release\mwaudiocapture.obj
d:\venta\trunk\q360core\x64\release\micaudiocapture.obj
d:\venta\trunk\q360core\x64\release\imgvideocapture.obj
d:\venta\trunk\q360core\x64\release\filevideocapture.obj
d:\venta\trunk\q360core\x64\release\capture.obj
d:\venta\trunk\q360core\x64\release\bmvideocapture.obj
d:\venta\trunk\q360core\x64\release\bmoutput.obj
d:\venta\trunk\q360core\x64\release\bmaudiocapture.obj
d:\venta\trunk\q360core\x64\release\audiocapture.obj
d:\venta\trunk\q360core\x64\release\caminputarray.obj
d:\venta\trunk\q360core\x64\release\caminput.obj
d:\venta\trunk\q360core\x64\release\qcameraparams.obj
d:\venta\trunk\q360core\x64\release\calibrator_input.obj
d:\venta\trunk\q360core\x64\release\base64imagedecoder.obj
d:\venta\trunk\q360core\x64\release\audioplayer.obj
d:\venta\trunk\q360core\x64\release\audiocontroller.obj
d:\venta\trunk\q360core\x64\release\qadvencedparam.obj
d:\venta\trunk\q360core\x64\release\pugixml.obj
d:\venta\trunk\q360core\x64\release\ptsparam.obj
d:\venta\trunk\q360core\x64\release\overlaymanager.obj
d:\venta\trunk\q360core\x64\release\mask_util.obj
d:\venta\trunk\q360core\x64\release\main.obj
d:\venta\trunk\q360core\x64\release\inputtempdata.obj
d:\venta\trunk\q360core\x64\release\inputmanager.obj
d:\venta\trunk\q360core\x64\release\gltexmask.obj
d:\venta\trunk\q360core\x64\release\glpyramid.obj
d:\venta\trunk\q360core\x64\release\glprog.obj
d:\venta\trunk\q360core\x64\release\exposurecompensator.obj
d:\venta\trunk\q360core\x64\release\exposurecompensation.obj
d:\venta\trunk\q360core\x64\release\enginemanager.obj
d:\venta\trunk\q360core\x64\release\editpanorama.obj
d:\venta\trunk\q360core\x64\release\texture.obj
d:\venta\trunk\q360core\x64\release\draw.obj
d:\venta\trunk\q360core\x64\release\composer.obj
d:\venta\trunk\q360core\x64\release\composehelper.obj
d:\venta\trunk\q360core\x64\release\xivideocapture.obj
d:\venta\trunk\q360core\x64\release\qwarper.obj
d:\venta\trunk\q360core\x64\release\stitchingtemplate.obj
d:\venta\trunk\q360core\x64\release\stitcher.obj
d:\venta\trunk\q360core\x64\release\snapshot.obj
d:\venta\trunk\q360core\x64\release\seamfinder.obj
d:\venta\trunk\q360core\x64\release\cthinplatespline.obj
d:\venta\trunk\q360core\x64\release\singleregionalwarping.obj
d:\venta\trunk\q360core\x64\release\regionalwarping.obj
d:\venta\trunk\q360core\x64\release\multiregionalwarping.obj
d:\venta\trunk\q360core\x64\release\imgwarp_mls_similarity.obj
d:\venta\trunk\q360core\x64\release\imgwarp_mls_rigid.obj
d:\venta\trunk\q360core\x64\release\imgwarp_mls.obj
d:\venta\trunk\q360core\x64\release\qwarpercore.obj
d:\venta\trunk\q360core\x64\release\quram360engine.obj
d:\venta\trunk\q360core\x64\release\qtp.obj
d:\venta\trunk\q360core\x64\release\qtpthreadmanager.obj
d:\venta\trunk\q360core\x64\release\qtptask.obj
d:\venta\trunk\q360core\x64\release\qtpmutex.obj
d:\venta\trunk\q360core\x64\release\qseamfinder.obj
d:\venta\trunk\q360core\x64\release\quramthreadpool.obj
d:\venta\trunk\q360core\x64\release\csc_converter.obj
d:\venta\trunk\q360core\x64\release\decklinkapi_i.obj
d:\venta\trunk\x64\release\q360core100.lib
d:\venta\trunk\q360core\x64\release\calccuda.cu.cache
d:\venta\trunk\q360core\x64\release\calccuda.cu.obj
d:\venta\trunk\q360core\x64\release\q360core.tlog\cl.command.1.tlog
d:\venta\trunk\q360core\x64\release\q360core.tlog\cl.read.1.tlog
d:\venta\trunk\q360core\x64\release\q360core.tlog\cl.write.1.tlog
d:\venta\trunk\q360core\x64\release\q360core.tlog\lib-link.read.1.tlog
d:\venta\trunk\q360core\x64\release\q360core.tlog\lib-link.write.1.tlog
d:\venta\trunk\q360core\x64\release\q360core.tlog\lib.command.1.tlog
