d:\venta\trunk\q360core\release\vc120.pdb
d:\venta\trunk\q360core\release\xiaudiocapture.obj
d:\venta\trunk\q360core\release\videocapture.obj
d:\venta\trunk\q360core\release\platform.obj
d:\venta\trunk\q360core\release\mwvideocapture.obj
d:\venta\trunk\q360core\release\mwaudiocapture.obj
d:\venta\trunk\q360core\release\micaudiocapture.obj
d:\venta\trunk\q360core\release\imgvideocapture.obj
d:\venta\trunk\q360core\release\filevideocapture.obj
d:\venta\trunk\q360core\release\capture.obj
d:\venta\trunk\q360core\release\bmvideocapture.obj
d:\venta\trunk\q360core\release\bmoutput.obj
d:\venta\trunk\q360core\release\bmaudiocapture.obj
d:\venta\trunk\q360core\release\audiocapture.obj
d:\venta\trunk\q360core\release\caminputarray.obj
d:\venta\trunk\q360core\release\caminput.obj
d:\venta\trunk\q360core\release\qcameraparams.obj
d:\venta\trunk\q360core\release\calibrator_input.obj
d:\venta\trunk\q360core\release\base64imagedecoder.obj
d:\venta\trunk\q360core\release\audioplayer.obj
d:\venta\trunk\q360core\release\audiocontroller.obj
d:\venta\trunk\q360core\release\qadvencedparam.obj
d:\venta\trunk\q360core\release\pugixml.obj
d:\venta\trunk\q360core\release\ptsparam.obj
d:\venta\trunk\q360core\release\overlaymanager.obj
d:\venta\trunk\q360core\release\mask_util.obj
d:\venta\trunk\q360core\release\main.obj
d:\venta\trunk\q360core\release\inputtempdata.obj
d:\venta\trunk\q360core\release\inputmanager.obj
d:\venta\trunk\q360core\release\gltexmask.obj
d:\venta\trunk\q360core\release\glpyramid.obj
d:\venta\trunk\q360core\release\glprog.obj
d:\venta\trunk\q360core\release\exposurecompensator.obj
d:\venta\trunk\q360core\release\exposurecompensation.obj
d:\venta\trunk\q360core\release\enginemanager.obj
d:\venta\trunk\q360core\release\editpanorama.obj
d:\venta\trunk\q360core\release\texture.obj
d:\venta\trunk\q360core\release\draw.obj
d:\venta\trunk\q360core\release\composer.obj
d:\venta\trunk\q360core\release\composehelper.obj
d:\venta\trunk\q360core\release\xivideocapture.obj
d:\venta\trunk\q360core\release\qwarper.obj
d:\venta\trunk\q360core\release\stitchingtemplate.obj
d:\venta\trunk\q360core\release\stitcher.obj
d:\venta\trunk\q360core\release\snapshot.obj
d:\venta\trunk\q360core\release\seamfinder.obj
d:\venta\trunk\q360core\release\cthinplatespline.obj
d:\venta\trunk\q360core\release\singleregionalwarping.obj
d:\venta\trunk\q360core\release\regionalwarping.obj
d:\venta\trunk\q360core\release\multiregionalwarping.obj
d:\venta\trunk\q360core\release\imgwarp_mls_similarity.obj
d:\venta\trunk\q360core\release\imgwarp_mls_rigid.obj
d:\venta\trunk\q360core\release\imgwarp_mls.obj
d:\venta\trunk\q360core\release\qwarpercore.obj
d:\venta\trunk\q360core\release\quram360engine.obj
d:\venta\trunk\q360core\release\qtp.obj
d:\venta\trunk\q360core\release\qtpthreadmanager.obj
d:\venta\trunk\q360core\release\qtptask.obj
d:\venta\trunk\q360core\release\qtpmutex.obj
d:\venta\trunk\q360core\release\qseamfinder.obj
d:\venta\trunk\q360core\release\quramthreadpool.obj
d:\venta\trunk\q360core\release\csc_converter.obj
d:\venta\trunk\q360core\release\decklinkapi_i.obj
d:\venta\trunk\release\q360core.lib
d:\venta\trunk\q360core\release\calccuda.cu.cache
d:\venta\trunk\q360core\release\calccuda.cu.obj
d:\venta\trunk\q360core\release\q360core.tlog\cl.command.1.tlog
d:\venta\trunk\q360core\release\q360core.tlog\cl.read.1.tlog
d:\venta\trunk\q360core\release\q360core.tlog\cl.write.1.tlog
d:\venta\trunk\q360core\release\q360core.tlog\lib-link.read.1.tlog
d:\venta\trunk\q360core\release\q360core.tlog\lib-link.write.1.tlog
d:\venta\trunk\q360core\release\q360core.tlog\lib.command.1.tlog
