d:\venta\trunk\q360core\win32\release\vc120.pdb
d:\venta\trunk\q360core\win32\release\xiaudiocapture.obj
d:\venta\trunk\q360core\win32\release\videocapture.obj
d:\venta\trunk\q360core\win32\release\platform.obj
d:\venta\trunk\q360core\win32\release\mwvideocapture.obj
d:\venta\trunk\q360core\win32\release\mwaudiocapture.obj
d:\venta\trunk\q360core\win32\release\micaudiocapture.obj
d:\venta\trunk\q360core\win32\release\imgvideocapture.obj
d:\venta\trunk\q360core\win32\release\filevideocapture.obj
d:\venta\trunk\q360core\win32\release\capture.obj
d:\venta\trunk\q360core\win32\release\bmvideocapture.obj
d:\venta\trunk\q360core\win32\release\bmoutput.obj
d:\venta\trunk\q360core\win32\release\bmaudiocapture.obj
d:\venta\trunk\q360core\win32\release\audiocapture.obj
d:\venta\trunk\q360core\win32\release\caminputarray.obj
d:\venta\trunk\q360core\win32\release\caminput.obj
d:\venta\trunk\q360core\win32\release\qcameraparams.obj
d:\venta\trunk\q360core\win32\release\calibrator_input.obj
d:\venta\trunk\q360core\win32\release\base64imagedecoder.obj
d:\venta\trunk\q360core\win32\release\audioplayer.obj
d:\venta\trunk\q360core\win32\release\audiocontroller.obj
d:\venta\trunk\q360core\win32\release\qadvencedparam.obj
d:\venta\trunk\q360core\win32\release\pugixml.obj
d:\venta\trunk\q360core\win32\release\ptsparam.obj
d:\venta\trunk\q360core\win32\release\overlaymanager.obj
d:\venta\trunk\q360core\win32\release\mask_util.obj
d:\venta\trunk\q360core\win32\release\main.obj
d:\venta\trunk\q360core\win32\release\inputtempdata.obj
d:\venta\trunk\q360core\win32\release\inputmanager.obj
d:\venta\trunk\q360core\win32\release\gltexmask.obj
d:\venta\trunk\q360core\win32\release\glpyramid.obj
d:\venta\trunk\q360core\win32\release\glprog.obj
d:\venta\trunk\q360core\win32\release\exposurecompensator.obj
d:\venta\trunk\q360core\win32\release\exposurecompensation.obj
d:\venta\trunk\q360core\win32\release\enginemanager.obj
d:\venta\trunk\q360core\win32\release\editpanorama.obj
d:\venta\trunk\q360core\win32\release\texture.obj
d:\venta\trunk\q360core\win32\release\draw.obj
d:\venta\trunk\q360core\win32\release\composer.obj
d:\venta\trunk\q360core\win32\release\composehelper.obj
d:\venta\trunk\q360core\win32\release\xivideocapture.obj
d:\venta\trunk\q360core\win32\release\qwarper.obj
d:\venta\trunk\q360core\win32\release\stitchingtemplate.obj
d:\venta\trunk\q360core\win32\release\stitcher.obj
d:\venta\trunk\q360core\win32\release\snapshot.obj
d:\venta\trunk\q360core\win32\release\seamfinder.obj
d:\venta\trunk\q360core\win32\release\cthinplatespline.obj
d:\venta\trunk\q360core\win32\release\singleregionalwarping.obj
d:\venta\trunk\q360core\win32\release\regionalwarping.obj
d:\venta\trunk\q360core\win32\release\multiregionalwarping.obj
d:\venta\trunk\q360core\win32\release\imgwarp_mls_similarity.obj
d:\venta\trunk\q360core\win32\release\imgwarp_mls_rigid.obj
d:\venta\trunk\q360core\win32\release\imgwarp_mls.obj
d:\venta\trunk\q360core\win32\release\qwarpercore.obj
d:\venta\trunk\q360core\win32\release\quram360engine.obj
d:\venta\trunk\q360core\win32\release\qtp.obj
d:\venta\trunk\q360core\win32\release\qtpthreadmanager.obj
d:\venta\trunk\q360core\win32\release\qtptask.obj
d:\venta\trunk\q360core\win32\release\qtpmutex.obj
d:\venta\trunk\q360core\win32\release\qseamfinder.obj
d:\venta\trunk\q360core\win32\release\quramthreadpool.obj
d:\venta\trunk\q360core\win32\release\csc_converter.obj
d:\venta\trunk\q360core\win32\release\decklinkapi_i.obj
d:\venta\trunk\win32\release\q360core100.lib
d:\venta\trunk\q360core\win32\release\calccuda.cu.cache
d:\venta\trunk\q360core\win32\release\calccuda.cu.obj
d:\venta\trunk\q360core\win32\release\q360core.tlog\cl.command.1.tlog
d:\venta\trunk\q360core\win32\release\q360core.tlog\cl.read.1.tlog
d:\venta\trunk\q360core\win32\release\q360core.tlog\cl.write.1.tlog
d:\venta\trunk\q360core\win32\release\q360core.tlog\lib-link.read.1.tlog
d:\venta\trunk\q360core\win32\release\q360core.tlog\lib-link.write.1.tlog
d:\venta\trunk\q360core\win32\release\q360core.tlog\lib.command.1.tlog
